<?xml version="1.0" encoding="UTF-8"?><testsuite errors="0" failures="1" name="Seleccionar un producto" skipped="0" tests="2" time="24.83" timestamp="2019-04-10 08:19:47"><testcase name="Seleccionar un producto de la lista de resultados"><failure message="El nombre del producto no coincide con el nombre esperado - &#10;Expected: is &quot;18 Ouyilu Running Shoes Zapatos Mujer Zapatillas De Deporte Para Dames Zapatillas Schoenen Fly Line La Tela C�moda Transpirable UROY210342F&quot;&#10;     but: was &quot;18 Ouyilu Running Shoes Zapatos Mujer Zapatillas De Deporte Para Dames Zapatillas Schoenen Fly Line La Tela Cómoda Transpirable UROY210342&quot;" type="java.lang.AssertionError">El nombre del producto no coincide con el nombre esperado - 
Expected: is "18 Ouyilu Running Shoes Zapatos Mujer Zapatillas De Deporte Para Dames Zapatillas Schoenen Fly Line La Tela C�moda Transpirable UROY210342F"
     but: was "18 Ouyilu Running Shoes Zapatos Mujer Zapatillas De Deporte Para Dames Zapatillas Schoenen Fly Line La Tela Cómoda Transpirable UROY210342"</failure><system-err>El nombre del producto no coincide con el nombre esperado - 
Expected: is "18 Ouyilu Running Shoes Zapatos Mujer Zapatillas De Deporte Para Dames Zapatillas Schoenen Fly Line La Tela C�moda Transpirable UROY210342F"
     but: was "18 Ouyilu Running Shoes Zapatos Mujer Zapatillas De Deporte Para Dames Zapatillas Schoenen Fly Line La Tela Cómoda Transpirable UROY210342"&#13;
co.dtupai.qa.dtupaiscreenplay.stepsdefinitions.SeleccionarProductoStepDefinition.danielVerificaQueElPodructoSeleccionadoSeaElCorrecto(SeleccionarProductoStepDefinition.java:52)&#13;
✽.el verifica que el podructo seleccionado "18 Ouyilu Running Shoes Zapatos Mujer Zapatillas De Deporte Para Dames Zapatillas Schoenen Fly Line La Tela C�moda Transpirable UROY210342F" sea el correcto(src/test/resources/features/2SeleccionarProducto.feature:9)&#13;
</system-err></testcase></testsuite>